[info] [database] -> connection: 
[info] [http] -> server: 
[success] [http] -> server: 
[success] [database] -> connection: 
[info] [database] -> connection: Connecting to the database
[info] [http] -> server: Connecting to the server
[success] [http] -> server: Server is listening on http://127.0.0.1:3000
[success] [database] -> connection: Connected to the database
[18-12-2022 16:58:22] [info] [database] -> connection: Connecting to the database
[18-12-2022 16:58:22] [info] [http] -> server: Connecting to the server
[18-12-2022 16:58:22] [success] [http] -> server: Server is listening on http://127.0.0.1:3000
[18-12-2022 16:58:22] [success] [database] -> connection: Connected to the database
[18-12-2022 16:58:50] [info] [database][connection]: Connecting to the database
[18-12-2022 16:58:50] [info] [http][server]: Connecting to the server
[18-12-2022 16:58:50] [success] [http][server]: Server is listening on http://127.0.0.1:3000
[18-12-2022 16:58:50] [success] [database][connection]: Connected to the database
[18-12-2022 16:59:52] [info] [database][connection]: Connecting to the database
[18-12-2022 16:59:53] [info] [http][server]: Connecting to the server
[18-12-2022 16:59:53] [success] [http][server]: Server is listening on http://127.0.0.1:3000
[18-12-2022 16:59:53] [success] [database][connection]: Connected to the database
[18-12-2022 17:04:33] [error] [app][error]: m is not a function
[trace]
TypeError: m is not a function
    at Object.<anonymous> (D:\xampp\htdocs\courses\nodejs-2023\node-app-base-code\src\app\users\routes.ts:11:1)
    at Module._compile (node:internal/modules/cjs/loader:1103:14)
    at Module.m._compile (D:\xampp\htdocs\courses\nodejs-2023\node-app-base-code\node_modules\ts-node\src\index.ts:1618:23)
    at Module._extensions..js (node:internal/modules/cjs/loader:1157:10)
    at Object.require.extensions.<computed> [as .ts] (D:\xampp\htdocs\courses\nodejs-2023\node-app-base-code\node_modules\ts-node\src\index.ts:1621:12)
    at Module.load (node:internal/modules/cjs/loader:981:32)
    at Function.Module._load (node:internal/modules/cjs/loader:822:12)
    at Module.require (node:internal/modules/cjs/loader:1005:19)
    at require (node:internal/modules/cjs/helpers:102:18)
    at Object.<anonymous> (D:\xampp\htdocs\courses\nodejs-2023\node-app-base-code\src\app\routes.ts:2:1)
[18-12-2022 17:05:24] [info] [database][connection]: Connecting to the database
[18-12-2022 17:05:24] [info] [http][server]: Connecting to the server
[18-12-2022 17:05:24] [success] [http][server]: Server is listening on http://127.0.0.1:3000
[18-12-2022 17:05:24] [success] [database][connection]: Connected to the database
